[2026-03-06T00:54:46] launch: C:\Users\PC\AppData\Local\Programs\Python\Python312\python.exe scripts/13_train_seppe_joint.py --sep-ckpt runs/exp_sep_formal_datafix_v1/checkpoints/best.pt --data-config configs/data_composite.yaml --sep-config configs/model_sep.yaml --pe-config configs/model_pe.yaml --train-config E:\isrj_param_estimation\runs\tmp_monitor\exp_joint_hardfix1var_screen18_v1_a01_train_joint.yaml --mode formal --exp-name exp_joint_hardfix1var_screen18_v1_a01
C:\Users\PC\AppData\Local\Programs\Python\Python312\Lib\site-packages\torch\nn\modules\transformer.py:379: UserWarning: enable_nested_tensor is True, but self.use_nested_tensor is False because encoder_layer.norm_first was True
  warnings.warn(
2026-03-06 00:55:25,268 | INFO | Epoch 001 | train L=-4.70531 A_total=0.0110 NF_acc=0.4534 skip=0 | val L=-7.10620 A_total=0.0148 NF_acc=0.5350 skip=0
2026-03-06 00:55:59,824 | INFO | Epoch 002 | train L=-7.69109 A_total=0.0456 NF_acc=0.5741 skip=0 | val L=-9.17858 A_total=0.0703 NF_acc=0.5777 skip=0
2026-03-06 00:56:34,443 | INFO | Epoch 003 | train L=-9.51540 A_total=0.0960 NF_acc=0.6349 skip=0 | val L=-10.23913 A_total=0.0571 NF_acc=0.6260 skip=0
2026-03-06 00:57:09,058 | INFO | Epoch 004 | train L=-10.69182 A_total=0.1384 NF_acc=0.6842 skip=0 | val L=-11.18554 A_total=0.0928 NF_acc=0.6680 skip=0
2026-03-06 00:57:43,682 | INFO | Epoch 005 | train L=-11.60269 A_total=0.1623 NF_acc=0.7027 skip=0 | val L=-12.04552 A_total=0.1840 NF_acc=0.7263 skip=0
2026-03-06 00:58:18,274 | INFO | Epoch 006 | train L=-12.42493 A_total=0.1887 NF_acc=0.7258 skip=0 | val L=-13.17661 A_total=0.1374 NF_acc=0.7180 skip=0
2026-03-06 00:58:52,906 | INFO | Epoch 007 | train L=-13.05787 A_total=0.2041 NF_acc=0.7392 skip=0 | val L=-13.15709 A_total=0.1692 NF_acc=0.6610 skip=0
2026-03-06 00:59:27,473 | INFO | Epoch 008 | train L=-13.76277 A_total=0.2520 NF_acc=0.7541 skip=0 | val L=-14.49693 A_total=0.1913 NF_acc=0.7430 skip=0
2026-03-06 01:00:02,090 | INFO | Epoch 009 | train L=-14.46133 A_total=0.2606 NF_acc=0.7636 skip=0 | val L=-15.16158 A_total=0.1736 NF_acc=0.7317 skip=0
2026-03-06 01:00:36,766 | INFO | Epoch 010 | train L=-14.83453 A_total=0.2624 NF_acc=0.7700 skip=0 | val L=-15.64246 A_total=0.2139 NF_acc=0.7127 skip=0
2026-03-06 01:01:11,373 | INFO | Epoch 011 | train L=-15.44247 A_total=0.2871 NF_acc=0.7813 skip=0 | val L=-15.93073 A_total=0.3279 NF_acc=0.7677 skip=0
2026-03-06 01:01:46,005 | INFO | Epoch 012 | train L=-15.92885 A_total=0.3125 NF_acc=0.7931 skip=0 | val L=-16.15852 A_total=0.3139 NF_acc=0.7657 skip=0
2026-03-06 01:02:20,659 | INFO | Epoch 013 | train L=-16.28751 A_total=0.3188 NF_acc=0.7984 skip=0 | val L=-16.14905 A_total=0.2473 NF_acc=0.7713 skip=0
2026-03-06 01:02:55,307 | INFO | Epoch 014 | train L=-16.55977 A_total=0.3265 NF_acc=0.8101 skip=0 | val L=-16.90425 A_total=0.2529 NF_acc=0.7733 skip=0
2026-03-06 01:03:29,916 | INFO | Epoch 015 | train L=-16.87894 A_total=0.3592 NF_acc=0.8175 skip=0 | val L=-17.39641 A_total=0.2868 NF_acc=0.7740 skip=0
2026-03-06 01:04:04,538 | INFO | Epoch 016 | train L=-17.11238 A_total=0.3688 NF_acc=0.8265 skip=0 | val L=-17.60798 A_total=0.2852 NF_acc=0.7793 skip=0
2026-03-06 01:04:39,197 | INFO | Epoch 017 | train L=-17.25877 A_total=0.3841 NF_acc=0.8294 skip=0 | val L=-17.74435 A_total=0.3385 NF_acc=0.7833 skip=0
2026-03-06 01:05:13,846 | INFO | Epoch 018 | train L=-17.35241 A_total=0.3831 NF_acc=0.8335 skip=0 | val L=-17.80773 A_total=0.3354 NF_acc=0.7803 skip=0
2026-03-06 01:05:13,869 | INFO | Stage2 done. best_epoch=17 best_A_total=0.338523
Run dir: runs\exp_joint_hardfix1var_screen18_v1_a01
best_epoch: 17
best_A_total: 0.33852316451072695
elapsed_seconds: 623.7036032676697
best_checkpoint: runs\exp_joint_hardfix1var_screen18_v1_a01\checkpoints\best.pt
last_checkpoint: runs\exp_joint_hardfix1var_screen18_v1_a01\checkpoints\last.pt
