C:\Users\PC\AppData\Local\Programs\Python\Python312\Lib\site-packages\torch\nn\modules\transformer.py:379: UserWarning: enable_nested_tensor is True, but self.use_nested_tensor is False because encoder_layer.norm_first was True
  warnings.warn(
2026-03-05 14:19:58,789 | INFO | Epoch 001 | train L=-2.59757 A_total=0.0110 NF_acc=0.3514 skip=0 | val L=10.52458 A_total=0.0133 NF_acc=0.2993 skip=0
2026-03-05 14:21:23,246 | INFO | Epoch 002 | train L=-2.75129 A_total=0.0422 NF_acc=0.4083 skip=0 | val L=5.82068 A_total=0.0035 NF_acc=0.2487 skip=0
2026-03-05 14:22:47,455 | INFO | Epoch 003 | train L=-2.78001 A_total=0.0597 NF_acc=0.4164 skip=0 | val L=13.01441 A_total=0.0091 NF_acc=0.2650 skip=0
2026-03-05 14:24:11,547 | INFO | Epoch 004 | train L=-2.80114 A_total=0.0702 NF_acc=0.4225 skip=0 | val L=21.03980 A_total=0.0139 NF_acc=0.2787 skip=0
2026-03-05 14:25:36,204 | INFO | Epoch 005 | train L=-2.80524 A_total=0.0727 NF_acc=0.4250 skip=0 | val L=0.64230 A_total=0.0191 NF_acc=0.2820 skip=0
2026-03-05 14:27:00,545 | INFO | Epoch 006 | train L=-2.81853 A_total=0.0819 NF_acc=0.4297 skip=0 | val L=12.56345 A_total=0.0121 NF_acc=0.2797 skip=0
2026-03-05 14:28:24,460 | INFO | Epoch 007 | train L=-2.82300 A_total=0.0905 NF_acc=0.4337 skip=0 | val L=3.37923 A_total=0.0008 NF_acc=0.2893 skip=0
2026-03-05 14:29:48,466 | INFO | Epoch 008 | train L=-2.83510 A_total=0.0954 NF_acc=0.4354 skip=0 | val L=-0.14664 A_total=0.0009 NF_acc=0.2710 skip=0
2026-03-05 14:31:12,423 | INFO | Epoch 009 | train L=-2.84627 A_total=0.1039 NF_acc=0.4418 skip=0 | val L=9.83564 A_total=0.0004 NF_acc=0.2653 skip=0
2026-03-05 14:32:36,448 | INFO | Epoch 010 | train L=-2.84971 A_total=0.1029 NF_acc=0.4463 skip=0 | val L=9.34208 A_total=0.0008 NF_acc=0.2653 skip=0
2026-03-05 14:34:00,198 | INFO | Epoch 011 | train L=-2.85811 A_total=0.1087 NF_acc=0.4535 skip=0 | val L=11.88679 A_total=0.0005 NF_acc=0.2793 skip=0
2026-03-05 14:35:24,226 | INFO | Epoch 012 | train L=-2.86359 A_total=0.1123 NF_acc=0.4519 skip=0 | val L=13.85813 A_total=0.0004 NF_acc=0.2810 skip=0
2026-03-05 14:36:48,174 | INFO | Epoch 013 | train L=-2.86926 A_total=0.1140 NF_acc=0.4543 skip=0 | val L=13.72633 A_total=0.0008 NF_acc=0.2813 skip=0
2026-03-05 14:38:12,318 | INFO | Epoch 014 | train L=-2.87156 A_total=0.1204 NF_acc=0.4570 skip=0 | val L=13.57607 A_total=0.0012 NF_acc=0.2673 skip=0
2026-03-05 14:39:36,380 | INFO | Epoch 015 | train L=-2.88063 A_total=0.1239 NF_acc=0.4592 skip=0 | val L=25.34591 A_total=0.0004 NF_acc=0.2843 skip=0
2026-03-05 14:41:00,376 | INFO | Epoch 016 | train L=-2.88634 A_total=0.1289 NF_acc=0.4631 skip=0 | val L=22.07963 A_total=0.0109 NF_acc=0.2663 skip=0
2026-03-05 14:42:24,463 | INFO | Epoch 017 | train L=-2.88847 A_total=0.1293 NF_acc=0.4714 skip=0 | val L=38.47227 A_total=0.0017 NF_acc=0.2770 skip=0
2026-03-05 14:43:48,928 | INFO | Epoch 018 | train L=-2.89339 A_total=0.1268 NF_acc=0.4629 skip=0 | val L=49.14137 A_total=0.0000 NF_acc=0.2790 skip=0
2026-03-05 14:45:13,436 | INFO | Epoch 019 | train L=-2.89570 A_total=0.1343 NF_acc=0.4661 skip=0 | val L=27.48677 A_total=0.0009 NF_acc=0.2653 skip=0
2026-03-05 14:46:37,649 | INFO | Epoch 020 | train L=-2.90297 A_total=0.1319 NF_acc=0.4669 skip=0 | val L=14.98716 A_total=0.0009 NF_acc=0.2230 skip=0
2026-03-05 14:46:38,151 | INFO | Early stopping at epoch 20
2026-03-05 14:46:38,151 | INFO | Stage2 done. best_epoch=5 best_A_total=0.019060
Run dir: runs\exp_joint_cisrj_repro_formal_v1
best_epoch: 5
best_A_total: 0.01906010976433754
elapsed_seconds: 1683.964875459671
best_checkpoint: runs\exp_joint_cisrj_repro_formal_v1\checkpoints\best.pt
last_checkpoint: runs\exp_joint_cisrj_repro_formal_v1\checkpoints\last.pt
