C:\Users\PC\AppData\Local\Programs\Python\Python312\Lib\site-packages\torch\nn\modules\transformer.py:379: UserWarning: enable_nested_tensor is True, but self.use_nested_tensor is False because encoder_layer.norm_first was True
  warnings.warn(
2026-03-05 00:14:20,859 | INFO | Epoch 001 | train L=-4.90125 A_total=0.0077 NF_acc=0.3845 skip=0 | val L=-8.09271 A_total=0.0064 NF_acc=0.4750 skip=0
2026-03-05 00:14:56,553 | INFO | Epoch 002 | train L=-7.90277 A_total=0.0268 NF_acc=0.4971 skip=0 | val L=-9.73205 A_total=0.0324 NF_acc=0.5080 skip=0
2026-03-05 00:15:30,887 | INFO | Epoch 003 | train L=-9.34148 A_total=0.0535 NF_acc=0.5593 skip=0 | val L=-9.43983 A_total=0.0274 NF_acc=0.5173 skip=0
2026-03-05 00:16:03,083 | INFO | Epoch 004 | train L=-10.67374 A_total=0.0888 NF_acc=0.6055 skip=0 | val L=-10.80491 A_total=0.0506 NF_acc=0.5503 skip=0
2026-03-05 00:16:35,509 | INFO | Epoch 005 | train L=-11.68391 A_total=0.1355 NF_acc=0.6423 skip=0 | val L=-12.69616 A_total=0.0928 NF_acc=0.6253 skip=0
2026-03-05 00:17:02,186 | INFO | Epoch 006 | train L=-12.36183 A_total=0.1716 NF_acc=0.6669 skip=0 | val L=-13.33792 A_total=0.0973 NF_acc=0.6333 skip=0
2026-03-05 00:18:07,484 | INFO | Epoch 007 | train L=-13.01290 A_total=0.1876 NF_acc=0.6842 skip=0 | val L=-13.88737 A_total=0.1941 NF_acc=0.6183 skip=0
2026-03-05 00:19:23,917 | INFO | Epoch 008 | train L=-13.83997 A_total=0.2108 NF_acc=0.6927 skip=0 | val L=-14.09612 A_total=0.0914 NF_acc=0.6397 skip=0
2026-03-05 00:19:57,281 | INFO | Epoch 009 | train L=-14.37785 A_total=0.2350 NF_acc=0.7130 skip=0 | val L=-14.69223 A_total=0.1507 NF_acc=0.5980 skip=0
2026-03-05 00:20:21,194 | INFO | Epoch 010 | train L=-14.98266 A_total=0.2431 NF_acc=0.7261 skip=0 | val L=-14.78419 A_total=0.1424 NF_acc=0.6887 skip=0
2026-03-05 00:20:45,164 | INFO | Epoch 011 | train L=-15.51171 A_total=0.2593 NF_acc=0.7380 skip=0 | val L=-14.77251 A_total=0.0702 NF_acc=0.7147 skip=0
2026-03-05 00:21:09,161 | INFO | Epoch 012 | train L=-15.77840 A_total=0.2810 NF_acc=0.7457 skip=0 | val L=-14.72481 A_total=0.1806 NF_acc=0.7293 skip=0
2026-03-05 00:21:33,083 | INFO | Epoch 013 | train L=-16.47670 A_total=0.2920 NF_acc=0.7606 skip=0 | val L=-16.20976 A_total=0.2583 NF_acc=0.7370 skip=0
2026-03-05 00:21:57,087 | INFO | Epoch 014 | train L=-16.73781 A_total=0.2847 NF_acc=0.7592 skip=0 | val L=-15.87186 A_total=0.2877 NF_acc=0.7653 skip=0
2026-03-05 00:22:21,056 | INFO | Epoch 015 | train L=-17.27962 A_total=0.3029 NF_acc=0.7731 skip=0 | val L=-17.10451 A_total=0.2393 NF_acc=0.7650 skip=0
2026-03-05 00:22:44,993 | INFO | Epoch 016 | train L=-17.53610 A_total=0.2907 NF_acc=0.7734 skip=0 | val L=-16.97400 A_total=0.2168 NF_acc=0.7727 skip=0
2026-03-05 00:23:08,981 | INFO | Epoch 017 | train L=-17.82267 A_total=0.3334 NF_acc=0.7855 skip=0 | val L=-15.82750 A_total=0.2802 NF_acc=0.7313 skip=0
2026-03-05 00:23:32,846 | INFO | Epoch 018 | train L=-18.22612 A_total=0.3209 NF_acc=0.7866 skip=0 | val L=-17.47867 A_total=0.1785 NF_acc=0.7657 skip=0
2026-03-05 00:23:57,330 | INFO | Epoch 019 | train L=-18.62292 A_total=0.3288 NF_acc=0.7904 skip=0 | val L=-18.77902 A_total=0.2738 NF_acc=0.7947 skip=0
2026-03-05 00:24:27,623 | INFO | Epoch 020 | train L=-18.85425 A_total=0.3370 NF_acc=0.7979 skip=0 | val L=-18.25255 A_total=0.2422 NF_acc=0.7480 skip=0
2026-03-05 00:24:59,524 | INFO | Epoch 021 | train L=-19.32792 A_total=0.3285 NF_acc=0.8028 skip=0 | val L=-19.05856 A_total=0.2058 NF_acc=0.7573 skip=0
2026-03-05 00:25:32,239 | INFO | Epoch 022 | train L=-19.73316 A_total=0.3545 NF_acc=0.8145 skip=0 | val L=-18.22407 A_total=0.2618 NF_acc=0.7797 skip=0
2026-03-05 00:26:07,948 | INFO | Epoch 023 | train L=-19.93605 A_total=0.3705 NF_acc=0.8141 skip=0 | val L=-18.47715 A_total=0.2374 NF_acc=0.7953 skip=0
2026-03-05 00:26:43,553 | INFO | Epoch 024 | train L=-20.32518 A_total=0.3620 NF_acc=0.8155 skip=0 | val L=-19.73601 A_total=0.3258 NF_acc=0.7983 skip=0
2026-03-05 00:27:16,043 | INFO | Epoch 025 | train L=-20.61076 A_total=0.3703 NF_acc=0.8236 skip=0 | val L=-17.44983 A_total=0.2461 NF_acc=0.7700 skip=0
2026-03-05 00:27:49,144 | INFO | Epoch 026 | train L=-20.74363 A_total=0.3841 NF_acc=0.8257 skip=0 | val L=-19.23091 A_total=0.3213 NF_acc=0.8000 skip=0
2026-03-05 00:28:22,000 | INFO | Epoch 027 | train L=-21.18650 A_total=0.3766 NF_acc=0.8293 skip=0 | val L=-19.12155 A_total=0.2704 NF_acc=0.7877 skip=0
2026-03-05 00:28:55,167 | INFO | Epoch 028 | train L=-21.41079 A_total=0.3948 NF_acc=0.8358 skip=0 | val L=-20.13802 A_total=0.3552 NF_acc=0.7667 skip=0
2026-03-05 00:29:29,598 | INFO | Epoch 029 | train L=-21.63532 A_total=0.4186 NF_acc=0.8401 skip=0 | val L=-19.78984 A_total=0.3806 NF_acc=0.7863 skip=0
2026-03-05 00:30:05,455 | INFO | Epoch 030 | train L=-21.79669 A_total=0.4042 NF_acc=0.8432 skip=0 | val L=-20.24836 A_total=0.2914 NF_acc=0.7727 skip=0
2026-03-05 00:30:39,604 | INFO | Epoch 031 | train L=-22.29676 A_total=0.4190 NF_acc=0.8435 skip=0 | val L=-20.28306 A_total=0.3353 NF_acc=0.7830 skip=0
2026-03-05 00:31:12,301 | INFO | Epoch 032 | train L=-22.35071 A_total=0.4089 NF_acc=0.8479 skip=0 | val L=-20.06750 A_total=0.3681 NF_acc=0.7920 skip=0
2026-03-05 00:31:44,862 | INFO | Epoch 033 | train L=-22.74241 A_total=0.4298 NF_acc=0.8538 skip=0 | val L=-20.80286 A_total=0.3850 NF_acc=0.7870 skip=0
2026-03-05 00:32:17,684 | INFO | Epoch 034 | train L=-23.06278 A_total=0.4427 NF_acc=0.8573 skip=0 | val L=-21.47493 A_total=0.2622 NF_acc=0.7933 skip=0
2026-03-05 00:32:51,745 | INFO | Epoch 035 | train L=-23.24328 A_total=0.4415 NF_acc=0.8601 skip=0 | val L=-21.79111 A_total=0.3860 NF_acc=0.7937 skip=0
2026-03-05 00:33:27,646 | INFO | Epoch 036 | train L=-23.44706 A_total=0.4594 NF_acc=0.8661 skip=0 | val L=-20.45285 A_total=0.3929 NF_acc=0.7843 skip=0
2026-03-05 00:34:03,089 | INFO | Epoch 037 | train L=-23.67091 A_total=0.4575 NF_acc=0.8641 skip=0 | val L=-21.71409 A_total=0.3375 NF_acc=0.8110 skip=0
2026-03-05 00:34:35,956 | INFO | Epoch 038 | train L=-23.93856 A_total=0.4618 NF_acc=0.8681 skip=0 | val L=-22.17120 A_total=0.4082 NF_acc=0.8007 skip=0
2026-03-05 00:35:08,822 | INFO | Epoch 039 | train L=-24.16287 A_total=0.4646 NF_acc=0.8689 skip=0 | val L=-22.34089 A_total=0.3696 NF_acc=0.8113 skip=0
2026-03-05 00:35:41,824 | INFO | Epoch 040 | train L=-24.35756 A_total=0.4779 NF_acc=0.8769 skip=0 | val L=-22.01141 A_total=0.4103 NF_acc=0.8100 skip=0
2026-03-05 00:36:15,279 | INFO | Epoch 041 | train L=-24.58779 A_total=0.4781 NF_acc=0.8775 skip=0 | val L=-21.98924 A_total=0.4190 NF_acc=0.8020 skip=0
2026-03-05 00:36:50,101 | INFO | Epoch 042 | train L=-24.76148 A_total=0.4939 NF_acc=0.8873 skip=0 | val L=-22.58356 A_total=0.4122 NF_acc=0.7957 skip=0
2026-03-05 00:37:25,872 | INFO | Epoch 043 | train L=-25.02324 A_total=0.4916 NF_acc=0.8857 skip=0 | val L=-22.65069 A_total=0.3610 NF_acc=0.7793 skip=0
2026-03-05 00:37:51,202 | INFO | Epoch 044 | train L=-25.14068 A_total=0.5007 NF_acc=0.8897 skip=0 | val L=-22.32340 A_total=0.4226 NF_acc=0.7750 skip=0
2026-03-05 00:39:24,774 | INFO | Epoch 045 | train L=-25.53367 A_total=0.5123 NF_acc=0.8951 skip=0 | val L=-22.60460 A_total=0.2556 NF_acc=0.7967 skip=0
2026-03-05 00:39:57,657 | INFO | Epoch 046 | train L=-25.71441 A_total=0.5128 NF_acc=0.8952 skip=0 | val L=-22.71974 A_total=0.4358 NF_acc=0.7997 skip=0
2026-03-05 00:40:21,692 | INFO | Epoch 047 | train L=-25.93033 A_total=0.5233 NF_acc=0.8993 skip=0 | val L=-21.22761 A_total=0.4283 NF_acc=0.7943 skip=0
2026-03-05 00:40:45,658 | INFO | Epoch 048 | train L=-25.91721 A_total=0.5283 NF_acc=0.9039 skip=0 | val L=-22.87572 A_total=0.3837 NF_acc=0.8083 skip=0
2026-03-05 00:41:09,752 | INFO | Epoch 049 | train L=-26.22206 A_total=0.5268 NF_acc=0.9075 skip=0 | val L=-22.77513 A_total=0.3822 NF_acc=0.7800 skip=0
2026-03-05 00:41:33,702 | INFO | Epoch 050 | train L=-26.35723 A_total=0.5279 NF_acc=0.9077 skip=0 | val L=-23.08905 A_total=0.4713 NF_acc=0.8043 skip=0
2026-03-05 00:41:57,783 | INFO | Epoch 051 | train L=-26.65167 A_total=0.5530 NF_acc=0.9117 skip=0 | val L=-22.27899 A_total=0.3857 NF_acc=0.7587 skip=0
2026-03-05 00:42:21,782 | INFO | Epoch 052 | train L=-26.78820 A_total=0.5473 NF_acc=0.9177 skip=0 | val L=-23.26647 A_total=0.4506 NF_acc=0.8147 skip=0
2026-03-05 00:42:45,748 | INFO | Epoch 053 | train L=-26.92218 A_total=0.5471 NF_acc=0.9201 skip=0 | val L=-23.19844 A_total=0.4398 NF_acc=0.7963 skip=0
2026-03-05 00:43:09,727 | INFO | Epoch 054 | train L=-27.17476 A_total=0.5628 NF_acc=0.9254 skip=0 | val L=-23.45239 A_total=0.4494 NF_acc=0.7583 skip=0
2026-03-05 00:43:33,708 | INFO | Epoch 055 | train L=-27.34251 A_total=0.5749 NF_acc=0.9239 skip=0 | val L=-23.13997 A_total=0.4413 NF_acc=0.7847 skip=0
2026-03-05 00:43:57,624 | INFO | Epoch 056 | train L=-27.43618 A_total=0.5722 NF_acc=0.9305 skip=0 | val L=-23.43864 A_total=0.4185 NF_acc=0.8030 skip=0
2026-03-05 00:44:21,574 | INFO | Epoch 057 | train L=-27.66566 A_total=0.5815 NF_acc=0.9305 skip=0 | val L=-23.31601 A_total=0.4658 NF_acc=0.7980 skip=0
2026-03-05 00:44:45,592 | INFO | Epoch 058 | train L=-27.79144 A_total=0.5849 NF_acc=0.9367 skip=0 | val L=-22.35009 A_total=0.4511 NF_acc=0.7807 skip=0
2026-03-05 00:45:09,561 | INFO | Epoch 059 | train L=-27.89200 A_total=0.5837 NF_acc=0.9376 skip=0 | val L=-23.74309 A_total=0.4691 NF_acc=0.8043 skip=0
2026-03-05 00:45:33,640 | INFO | Epoch 060 | train L=-28.07786 A_total=0.6023 NF_acc=0.9385 skip=0 | val L=-23.79128 A_total=0.4498 NF_acc=0.7883 skip=0
2026-03-05 00:45:57,551 | INFO | Epoch 061 | train L=-28.23651 A_total=0.6040 NF_acc=0.9419 skip=0 | val L=-23.82526 A_total=0.4008 NF_acc=0.7807 skip=0
2026-03-05 00:46:21,569 | INFO | Epoch 062 | train L=-28.35758 A_total=0.6056 NF_acc=0.9439 skip=0 | val L=-23.68491 A_total=0.3950 NF_acc=0.7793 skip=0
2026-03-05 00:46:21,622 | INFO | Early stopping at epoch 62
2026-03-05 00:46:21,622 | INFO | Stage2 done. best_epoch=50 best_A_total=0.471272
Run dir: runs\exp_joint_formal_need2_e2_v1
best_epoch: 50
best_A_total: 0.4712719087600708
elapsed_seconds: 1954.593824148178
best_checkpoint: runs\exp_joint_formal_need2_e2_v1\checkpoints\best.pt
last_checkpoint: runs\exp_joint_formal_need2_e2_v1\checkpoints\last.pt
