C:\Users\PC\AppData\Local\Programs\Python\Python312\Lib\site-packages\torch\nn\modules\transformer.py:379: UserWarning: enable_nested_tensor is True, but self.use_nested_tensor is False because encoder_layer.norm_first was True
  warnings.warn(
2026-03-04 22:39:17,134 | INFO | Epoch 001 | train L=-5.56753 A_total=0.0095 NF_acc=0.4561 skip=0 | val L=-8.40634 A_total=0.0212 NF_acc=0.4327 skip=0
2026-03-04 22:39:41,040 | INFO | Epoch 002 | train L=-8.39926 A_total=0.0332 NF_acc=0.5915 skip=0 | val L=-10.25076 A_total=0.0267 NF_acc=0.5233 skip=0
2026-03-04 22:40:04,856 | INFO | Epoch 003 | train L=-9.88583 A_total=0.0718 NF_acc=0.6574 skip=0 | val L=-10.16238 A_total=0.0449 NF_acc=0.5960 skip=0
2026-03-04 22:40:28,653 | INFO | Epoch 004 | train L=-11.07629 A_total=0.0966 NF_acc=0.6905 skip=0 | val L=-11.67478 A_total=0.0533 NF_acc=0.5183 skip=0
2026-03-04 22:40:52,596 | INFO | Epoch 005 | train L=-12.09195 A_total=0.1300 NF_acc=0.7268 skip=0 | val L=-12.83396 A_total=0.0913 NF_acc=0.6727 skip=0
2026-03-04 22:41:16,381 | INFO | Epoch 006 | train L=-12.76138 A_total=0.1390 NF_acc=0.7312 skip=0 | val L=-13.33955 A_total=0.1215 NF_acc=0.6737 skip=0
2026-03-04 22:41:40,218 | INFO | Epoch 007 | train L=-13.36037 A_total=0.1489 NF_acc=0.7506 skip=0 | val L=-13.52535 A_total=0.0995 NF_acc=0.7347 skip=0
2026-03-04 22:42:04,007 | INFO | Epoch 008 | train L=-14.17799 A_total=0.1713 NF_acc=0.7721 skip=0 | val L=-14.44475 A_total=0.0588 NF_acc=0.6217 skip=0
2026-03-04 22:42:27,803 | INFO | Epoch 009 | train L=-14.73232 A_total=0.1719 NF_acc=0.7831 skip=0 | val L=-15.17035 A_total=0.0636 NF_acc=0.6403 skip=0
2026-03-04 22:42:51,578 | INFO | Epoch 010 | train L=-15.27770 A_total=0.1921 NF_acc=0.7943 skip=0 | val L=-15.53494 A_total=0.1473 NF_acc=0.7320 skip=0
2026-03-04 22:43:15,339 | INFO | Epoch 011 | train L=-15.67591 A_total=0.1912 NF_acc=0.8040 skip=0 | val L=-15.67097 A_total=0.1569 NF_acc=0.7443 skip=0
2026-03-04 22:43:39,181 | INFO | Epoch 012 | train L=-16.00247 A_total=0.1994 NF_acc=0.8091 skip=0 | val L=-15.35465 A_total=0.2033 NF_acc=0.7460 skip=0
2026-03-04 22:44:02,951 | INFO | Epoch 013 | train L=-16.66550 A_total=0.2224 NF_acc=0.8194 skip=0 | val L=-16.37956 A_total=0.1201 NF_acc=0.7443 skip=0
2026-03-04 22:44:26,704 | INFO | Epoch 014 | train L=-16.99373 A_total=0.2252 NF_acc=0.8229 skip=0 | val L=-15.53738 A_total=0.1583 NF_acc=0.7280 skip=0
2026-03-04 22:44:50,544 | INFO | Epoch 015 | train L=-17.35807 A_total=0.2255 NF_acc=0.8321 skip=0 | val L=-17.44113 A_total=0.1832 NF_acc=0.7647 skip=0
2026-03-04 22:45:14,296 | INFO | Epoch 016 | train L=-17.79989 A_total=0.2138 NF_acc=0.8316 skip=0 | val L=-17.22388 A_total=0.0937 NF_acc=0.7637 skip=0
2026-03-04 22:45:38,115 | INFO | Epoch 017 | train L=-18.10941 A_total=0.2549 NF_acc=0.8427 skip=0 | val L=-16.17299 A_total=0.2456 NF_acc=0.7717 skip=0
2026-03-04 22:46:02,042 | INFO | Epoch 018 | train L=-18.42821 A_total=0.2511 NF_acc=0.8453 skip=0 | val L=-17.88709 A_total=0.0463 NF_acc=0.6090 skip=0
2026-03-04 22:46:25,825 | INFO | Epoch 019 | train L=-18.77136 A_total=0.2553 NF_acc=0.8493 skip=0 | val L=-19.03106 A_total=0.1766 NF_acc=0.7933 skip=0
2026-03-04 22:46:49,676 | INFO | Epoch 020 | train L=-19.11606 A_total=0.2562 NF_acc=0.8574 skip=0 | val L=-18.57622 A_total=0.2057 NF_acc=0.7297 skip=0
2026-03-04 22:47:13,421 | INFO | Epoch 021 | train L=-19.50705 A_total=0.2393 NF_acc=0.8605 skip=0 | val L=-18.81681 A_total=0.1765 NF_acc=0.7883 skip=0
2026-03-04 22:47:37,214 | INFO | Epoch 022 | train L=-19.90055 A_total=0.2560 NF_acc=0.8681 skip=0 | val L=-18.50389 A_total=0.2502 NF_acc=0.7957 skip=0
2026-03-04 22:48:00,976 | INFO | Epoch 023 | train L=-20.10159 A_total=0.2680 NF_acc=0.8774 skip=0 | val L=-18.15898 A_total=0.2115 NF_acc=0.7957 skip=0
2026-03-04 22:48:24,718 | INFO | Epoch 024 | train L=-20.56114 A_total=0.2718 NF_acc=0.8829 skip=0 | val L=-19.87911 A_total=0.2728 NF_acc=0.7983 skip=0
2026-03-04 22:48:48,529 | INFO | Epoch 025 | train L=-20.79130 A_total=0.2758 NF_acc=0.8850 skip=0 | val L=-17.54815 A_total=0.1073 NF_acc=0.7670 skip=0
2026-03-04 22:49:12,199 | INFO | Epoch 026 | train L=-20.94731 A_total=0.2901 NF_acc=0.8849 skip=0 | val L=-19.23016 A_total=0.2463 NF_acc=0.7923 skip=0
2026-03-04 22:49:35,909 | INFO | Epoch 027 | train L=-21.35793 A_total=0.2985 NF_acc=0.8935 skip=0 | val L=-19.11831 A_total=0.2113 NF_acc=0.8023 skip=0
2026-03-04 22:49:59,671 | INFO | Epoch 028 | train L=-21.54381 A_total=0.2931 NF_acc=0.8948 skip=0 | val L=-20.26545 A_total=0.2918 NF_acc=0.7933 skip=0
2026-03-04 22:50:23,457 | INFO | Epoch 029 | train L=-21.79917 A_total=0.2997 NF_acc=0.8995 skip=0 | val L=-19.90739 A_total=0.2691 NF_acc=0.8027 skip=0
2026-03-04 22:50:47,220 | INFO | Epoch 030 | train L=-21.96072 A_total=0.2892 NF_acc=0.9065 skip=0 | val L=-20.55559 A_total=0.1611 NF_acc=0.7587 skip=0
2026-03-04 22:51:12,939 | INFO | Epoch 031 | train L=-22.49064 A_total=0.3122 NF_acc=0.9086 skip=0 | val L=-20.67494 A_total=0.2271 NF_acc=0.7890 skip=0
2026-03-04 22:51:39,682 | INFO | Epoch 032 | train L=-22.57512 A_total=0.3078 NF_acc=0.9127 skip=0 | val L=-19.68908 A_total=0.2509 NF_acc=0.7933 skip=0
2026-03-04 22:52:06,360 | INFO | Epoch 033 | train L=-22.82997 A_total=0.3030 NF_acc=0.9122 skip=0 | val L=-21.84337 A_total=0.2622 NF_acc=0.8053 skip=0
2026-03-04 22:52:33,036 | INFO | Epoch 034 | train L=-23.18135 A_total=0.3238 NF_acc=0.9201 skip=0 | val L=-21.60777 A_total=0.2889 NF_acc=0.8063 skip=0
2026-03-04 22:52:59,713 | INFO | Epoch 035 | train L=-23.36606 A_total=0.3328 NF_acc=0.9224 skip=0 | val L=-22.14845 A_total=0.2451 NF_acc=0.8163 skip=0
2026-03-04 22:53:26,372 | INFO | Epoch 036 | train L=-23.59937 A_total=0.3342 NF_acc=0.9255 skip=0 | val L=-20.41127 A_total=0.1987 NF_acc=0.7800 skip=0
2026-03-04 22:53:53,018 | INFO | Epoch 037 | train L=-23.78987 A_total=0.3392 NF_acc=0.9237 skip=0 | val L=-21.77387 A_total=0.2808 NF_acc=0.7967 skip=0
2026-03-04 22:54:19,627 | INFO | Epoch 038 | train L=-24.07741 A_total=0.3285 NF_acc=0.9250 skip=0 | val L=-22.21879 A_total=0.2918 NF_acc=0.8047 skip=0
2026-03-04 22:54:46,210 | INFO | Epoch 039 | train L=-24.29836 A_total=0.3455 NF_acc=0.9338 skip=0 | val L=-22.28315 A_total=0.1144 NF_acc=0.7813 skip=0
2026-03-04 22:55:12,932 | INFO | Epoch 040 | train L=-24.44838 A_total=0.3455 NF_acc=0.9367 skip=0 | val L=-21.81471 A_total=0.2796 NF_acc=0.8010 skip=0
2026-03-04 22:55:13,016 | INFO | Early stopping at epoch 40
2026-03-04 22:55:13,016 | INFO | Stage2 done. best_epoch=28 best_A_total=0.291829
Run dir: runs\exp_joint_formal_datafix_v1
best_epoch: 28
best_A_total: 0.29182915210723875
elapsed_seconds: 980.2566151618958
best_checkpoint: runs\exp_joint_formal_datafix_v1\checkpoints\best.pt
last_checkpoint: runs\exp_joint_formal_datafix_v1\checkpoints\last.pt
